<?xml version="1.0" encoding="UTF-8"?>
<!-- Generated by org.testng.reporters.JUnitXMLReporter -->
<<<<<<< HEAD:test-output/Default suite/Default test.xml
<testsuite ignored="2" hostname="DESKTOP-C4T3QLF" failures="0" tests="1" name="Default test" time="0.071" errors="0" timestamp="2023-12-18T11:16:08 EST">
  <testcase classname="scrapper.BaseClass" name="@BeforeTest setup" time="-1.702916168063E9">
    <failure type="org.testng.TestNGException" message="
Parameter &amp;apos;browser&amp;apos; is required by BeforeTest on method setup but has not been marked @Optional or defined
in C:\Users\bobby\AppData\Local\Temp\testng-eclipse--1827343393\testng-customsuite.xml">
      <![CDATA[org.testng.TestNGException: 
Parameter 'browser' is required by BeforeTest on method setup but has not been marked @Optional or defined
in C:\Users\bobby\AppData\Local\Temp\testng-eclipse--1827343393\testng-customsuite.xml
=======
<testsuite ignored="0" hostname="Shaileshs-MBP" failures="0" tests="1" name="Default test" time="0.09" errors="0" timestamp="2023-12-14T15:39:47 CST">
  <testcase classname="scrapper.BaseClass" name="@BeforeTest setup" time="-1.702589987373E9">
    <failure type="org.testng.TestNGException" message="
Parameter &amp;apos;browser&amp;apos; is required by BeforeTest on method setup but has not been marked @Optional or defined
in /private/var/folders/6b/3mgvgpdx15z8nrs2l5207srr0000gn/T/testng-eclipse--420359914/testng-customsuite.xml">
      <![CDATA[org.testng.TestNGException: 
Parameter 'browser' is required by BeforeTest on method setup but has not been marked @Optional or defined
in /private/var/folders/6b/3mgvgpdx15z8nrs2l5207srr0000gn/T/testng-eclipse--420359914/testng-customsuite.xml
>>>>>>> fe8b2d53c86363123ba6eebecc98327cb689c71b:Scraping23/test-output/Default suite/Default test.xml
at org.testng.internal.Parameters.createParams(Parameters.java:267)
at org.testng.internal.Parameters.createParametersForMethod(Parameters.java:355)
at org.testng.internal.Parameters.createParameters(Parameters.java:684)
at org.testng.internal.Parameters.createConfigurationParameters(Parameters.java:166)
at org.testng.internal.invokers.ConfigInvoker.invokeConfigurations(ConfigInvoker.java:277)
<<<<<<< HEAD:test-output/Default suite/Default test.xml
at org.testng.TestRunner.invokeTestConfigurations(TestRunner.java:644)
at org.testng.TestRunner.beforeRun(TestRunner.java:633)
at org.testng.TestRunner.run(TestRunner.java:595)
at org.testng.SuiteRunner.runTest(SuiteRunner.java:437)
at org.testng.SuiteRunner.runSequentially(SuiteRunner.java:431)
at org.testng.SuiteRunner.privateRun(SuiteRunner.java:391)
=======
at org.testng.TestRunner.invokeTestConfigurations(TestRunner.java:643)
at org.testng.TestRunner.beforeRun(TestRunner.java:632)
at org.testng.TestRunner.run(TestRunner.java:594)
at org.testng.SuiteRunner.runTest(SuiteRunner.java:433)
at org.testng.SuiteRunner.runSequentially(SuiteRunner.java:427)
at org.testng.SuiteRunner.privateRun(SuiteRunner.java:387)
>>>>>>> fe8b2d53c86363123ba6eebecc98327cb689c71b:Scraping23/test-output/Default suite/Default test.xml
at org.testng.SuiteRunner.run(SuiteRunner.java:330)
at org.testng.SuiteRunnerWorker.runSuite(SuiteRunnerWorker.java:52)
at org.testng.SuiteRunnerWorker.run(SuiteRunnerWorker.java:95)
at org.testng.TestNG.runSuitesSequentially(TestNG.java:1256)
at org.testng.TestNG.runSuitesLocally(TestNG.java:1176)
at org.testng.TestNG.runSuites(TestNG.java:1099)
at org.testng.TestNG.run(TestNG.java:1067)
at org.testng.remote.AbstractRemoteTestNG.run(AbstractRemoteTestNG.java:115)
at org.testng.remote.RemoteTestNG.initAndRun(RemoteTestNG.java:251)
at org.testng.remote.RemoteTestNG.main(RemoteTestNG.java:77)
]]>
    </failure>
  </testcase> <!-- @BeforeTest setup -->
<<<<<<< HEAD:test-output/Default suite/Default test.xml
  <testcase classname="scrapper.Hypothyroidism" name="addRecipes" time="0.0">
    <skipped/>
  </testcase> <!-- addRecipes -->
  <testcase classname="scrapper.Hypothyroidism" name="filterRecipes" time="0.0">
    <ignored/>
  </testcase> <!-- filterRecipes -->
  <testcase classname="scrapper.Hypothyroidism" name="filterRecipesAllergies" time="0.0">
    <ignored/>
  </testcase> <!-- filterRecipesAllergies -->
=======
  <testcase classname="scrapper.BaseClass" name="@AfterTest tearDown" time="0.0">
    <skipped/>
  </testcase> <!-- @AfterTest tearDown -->
  <testcase classname="scrapper.Diabetes" name="diabetesRecipes" time="0.0">
    <skipped/>
  </testcase> <!-- diabetesRecipes -->
>>>>>>> fe8b2d53c86363123ba6eebecc98327cb689c71b:Scraping23/test-output/Default suite/Default test.xml
</testsuite> <!-- Default test -->
