<?xml version="1.0" encoding="UTF-8"?>
<!-- Generated by org.testng.reporters.JUnitXMLReporter -->
<testsuite ignored="1" hostname="DESKTOP-C4T3QLF" failures="0" tests="3" name="ChromeTest" time="879.746" errors="0" timestamp="2023-12-18T12:44:52 EST">
  <testcase classname="scrapper.Hypothyroidism" name="addRecipes" time="304.77"/>
  <testcase classname="scrapper.Hypothyroidism" name="filterRecipes" time="286.075"/>
  <testcase classname="scrapper.Hypothyroidism" name="filterRecipesAllergies" time="282.392"/>
  <testcase classname="scrapper.BaseClass" name="@BeforeTest setup" time="0.0">
    <ignored/>
  </testcase> <!-- @BeforeTest setup -->
</testsuite> <!-- ChromeTest -->
