<?xml version="1.0" encoding="UTF-8"?>
<!-- Generated by org.testng.reporters.JUnitXMLReporter -->
<testsuite ignored="1" hostname="DESKTOP-C4T3QLF" failures="0" tests="3" name="ChromeTest" time="1259.325" errors="0" timestamp="2023-12-19T00:14:17 EST">
  <testcase classname="scrapper.Hypothyroidism" name="addRecipes" time="371.864"/>
  <testcase classname="scrapper.Hypothyroidism" name="filterRecipes" time="456.364"/>
  <testcase classname="scrapper.Hypothyroidism" name="filterRecipesAllergies" time="424.707"/>
  <testcase classname="scrapper.BaseClass" name="@BeforeTest setup" time="0.0">
    <ignored/>
  </testcase> <!-- @BeforeTest setup -->
</testsuite> <!-- ChromeTest -->
