<?xml version="1.0" encoding="UTF-8"?>
<testng-results ignored="2" total="3" passed="0" failed="1" skipped="0">
  <reporter-output>
  </reporter-output>
  <suite started-at="2023-12-16T18:25:50 CST" name="Suite" finished-at="2023-12-16T18:27:59 CST" duration-ms="129434">
    <groups>
    </groups>
    <test started-at="2023-12-16T18:25:50 CST" name="ChromeTest" finished-at="2023-12-16T18:27:59 CST" duration-ms="129434">
      <class name="scrapper.Diabetes">
        <test-method signature="diabetesRecipes()[pri:0, instance:scrapper.Diabetes@269f4bad]" started-at="2023-12-16T18:25:57 CST" name="diabetesRecipes" finished-at="2023-12-16T18:27:59 CST" duration-ms="121902" status="FAIL">
          <exception class="org.openqa.selenium.WebDriverException">
            <message>
              <![CDATA[disconnected: not connected to DevTools
  (failed to check if window was closed: disconnected: not connected to DevTools)
  (Session info: chrome-headless-shell=120.0.6099.109)
Build info: version: '4.16.1', revision: '9b4c83354e'
System info: os.name: 'Mac OS X', os.arch: 'x86_64', os.version: '11.2.3', java.version: '17.0.4'
Driver info: org.openqa.selenium.chrome.ChromeDriver
Command: [dacb8665e172f1a7331293fdd2e10356, get {url=https://www.tarladalal.com/RecipeAtoZ.aspx?beginswith=A&pageindex=3}]
Capabilities {acceptInsecureCerts: false, browserName: chrome-headless-shell, browserVersion: 120.0.6099.109, chrome: {chromedriverVersion: 120.0.6099.71 (9729082fe617..., userDataDir: /var/folders/6b/3mgvgpdx15z...}, fedcm:accounts: true, goog:chromeOptions: {debuggerAddress: localhost:61562}, networkConnectionEnabled: false, pageLoadStrategy: normal, platformName: mac, proxy: Proxy(), se:cdp: ws://localhost:61562/devtoo..., se:cdpVersion: 120.0.6099.109, setWindowRect: true, strictFileInteractability: false, timeouts: {implicit: 0, pageLoad: 300000, script: 30000}, unhandledPromptBehavior: dismiss and notify, webauthn:extension:credBlob: true, webauthn:extension:largeBlob: true, webauthn:extension:minPinLength: true, webauthn:extension:prf: true, webauthn:virtualAuthenticators: true}
Session ID: dacb8665e172f1a7331293fdd2e10356]]>
            </message>
            <full-stacktrace>
              <![CDATA[org.openqa.selenium.WebDriverException: disconnected: not connected to DevTools
  (failed to check if window was closed: disconnected: not connected to DevTools)
  (Session info: chrome-headless-shell=120.0.6099.109)
Build info: version: '4.16.1', revision: '9b4c83354e'
System info: os.name: 'Mac OS X', os.arch: 'x86_64', os.version: '11.2.3', java.version: '17.0.4'
Driver info: org.openqa.selenium.chrome.ChromeDriver
Command: [dacb8665e172f1a7331293fdd2e10356, get {url=https://www.tarladalal.com/RecipeAtoZ.aspx?beginswith=A&pageindex=3}]
Capabilities {acceptInsecureCerts: false, browserName: chrome-headless-shell, browserVersion: 120.0.6099.109, chrome: {chromedriverVersion: 120.0.6099.71 (9729082fe617..., userDataDir: /var/folders/6b/3mgvgpdx15z...}, fedcm:accounts: true, goog:chromeOptions: {debuggerAddress: localhost:61562}, networkConnectionEnabled: false, pageLoadStrategy: normal, platformName: mac, proxy: Proxy(), se:cdp: ws://localhost:61562/devtoo..., se:cdpVersion: 120.0.6099.109, setWindowRect: true, strictFileInteractability: false, timeouts: {implicit: 0, pageLoad: 300000, script: 30000}, unhandledPromptBehavior: dismiss and notify, webauthn:extension:credBlob: true, webauthn:extension:largeBlob: true, webauthn:extension:minPinLength: true, webauthn:extension:prf: true, webauthn:virtualAuthenticators: true}
Session ID: dacb8665e172f1a7331293fdd2e10356
at java.base/jdk.internal.reflect.NativeConstructorAccessorImpl.newInstance0(Native Method)
at java.base/jdk.internal.reflect.NativeConstructorAccessorImpl.newInstance(NativeConstructorAccessorImpl.java:77)
at java.base/jdk.internal.reflect.DelegatingConstructorAccessorImpl.newInstance(DelegatingConstructorAccessorImpl.java:45)
at java.base/java.lang.reflect.Constructor.newInstanceWithCaller(Constructor.java:499)
at java.base/java.lang.reflect.Constructor.newInstance(Constructor.java:480)
at org.openqa.selenium.remote.codec.w3c.W3CHttpResponseCodec.createException(W3CHttpResponseCodec.java:200)
at org.openqa.selenium.remote.codec.w3c.W3CHttpResponseCodec.decode(W3CHttpResponseCodec.java:133)
at org.openqa.selenium.remote.codec.w3c.W3CHttpResponseCodec.decode(W3CHttpResponseCodec.java:52)
at org.openqa.selenium.remote.HttpCommandExecutor.execute(HttpCommandExecutor.java:191)
at org.openqa.selenium.remote.service.DriverCommandExecutor.invokeExecute(DriverCommandExecutor.java:200)
at org.openqa.selenium.remote.service.DriverCommandExecutor.execute(DriverCommandExecutor.java:175)
at org.openqa.selenium.remote.RemoteWebDriver.execute(RemoteWebDriver.java:523)
at org.openqa.selenium.remote.RemoteWebDriver.get(RemoteWebDriver.java:305)
at scrapper.Diabetes.diabetesRecipes(Diabetes.java:71)
at java.base/jdk.internal.reflect.NativeMethodAccessorImpl.invoke0(Native Method)
at java.base/jdk.internal.reflect.NativeMethodAccessorImpl.invoke(NativeMethodAccessorImpl.java:77)
at java.base/jdk.internal.reflect.DelegatingMethodAccessorImpl.invoke(DelegatingMethodAccessorImpl.java:43)
at java.base/java.lang.reflect.Method.invoke(Method.java:568)
at org.testng.internal.invokers.MethodInvocationHelper.invokeMethod(MethodInvocationHelper.java:139)
at org.testng.internal.invokers.TestInvoker.invokeMethod(TestInvoker.java:677)
at org.testng.internal.invokers.TestInvoker.invokeTestMethod(TestInvoker.java:221)
at org.testng.internal.invokers.MethodRunner.runInSequence(MethodRunner.java:50)
at org.testng.internal.invokers.TestInvoker$MethodInvocationAgent.invoke(TestInvoker.java:962)
at org.testng.internal.invokers.TestInvoker.invokeTestMethods(TestInvoker.java:194)
at org.testng.internal.invokers.TestMethodWorker.invokeTestMethods(TestMethodWorker.java:148)
at org.testng.internal.invokers.TestMethodWorker.run(TestMethodWorker.java:128)
at java.base/java.util.ArrayList.forEach(ArrayList.java:1511)
at org.testng.TestRunner.privateRun(TestRunner.java:806)
at org.testng.TestRunner.run(TestRunner.java:601)
at org.testng.SuiteRunner.runTest(SuiteRunner.java:433)
at org.testng.SuiteRunner.runSequentially(SuiteRunner.java:427)
at org.testng.SuiteRunner.privateRun(SuiteRunner.java:387)
at org.testng.SuiteRunner.run(SuiteRunner.java:330)
at org.testng.SuiteRunnerWorker.runSuite(SuiteRunnerWorker.java:52)
at org.testng.SuiteRunnerWorker.run(SuiteRunnerWorker.java:95)
at org.testng.TestNG.runSuitesSequentially(TestNG.java:1256)
at org.testng.TestNG.runSuitesLocally(TestNG.java:1176)
at org.testng.TestNG.runSuites(TestNG.java:1099)
at org.testng.TestNG.run(TestNG.java:1067)
at org.testng.remote.AbstractRemoteTestNG.run(AbstractRemoteTestNG.java:115)
at org.testng.remote.RemoteTestNG.initAndRun(RemoteTestNG.java:251)
at org.testng.remote.RemoteTestNG.main(RemoteTestNG.java:77)
]]>
            </full-stacktrace>
          </exception> <!-- org.openqa.selenium.WebDriverException -->
          <reporter-output>
          </reporter-output>
        </test-method> <!-- diabetesRecipes -->
      </class> <!-- scrapper.Diabetes -->
      <class name="scrapper.BaseClass">
        <test-method is-config="true" signature="setup(java.lang.String)[pri:0, instance:scrapper.BaseClass@1bb1fde8]" started-at="2023-12-16T18:25:50 CST" name="setup" finished-at="2023-12-16T18:25:57 CST" duration-ms="7244" status="PASS">
          <params>
            <param index="0">
              <value>
                <![CDATA[chrome]]>
              </value>
            </param>
          </params>
          <reporter-output>
          </reporter-output>
        </test-method> <!-- setup -->
        <test-method is-config="true" signature="tearDown()[pri:0, instance:scrapper.BaseClass@1bb1fde8]" started-at="2023-12-16T18:27:59 CST" name="tearDown" finished-at="2023-12-16T18:27:59 CST" duration-ms="225" status="PASS">
          <reporter-output>
          </reporter-output>
        </test-method> <!-- tearDown -->
      </class> <!-- scrapper.BaseClass -->
    </test> <!-- ChromeTest -->
  </suite> <!-- Suite -->
</testng-results>
