<?xml version="1.0" encoding="UTF-8"?>
<testng-results ignored="0" total="0" passed="0" failed="0" skipped="0">
  <reporter-output>
  </reporter-output>
  <suite started-at="2023-12-13T14:59:38 CST" name="Suite" finished-at="2023-12-13T14:59:52 CST" duration-ms="14236">
    <groups>
    </groups>
    <test started-at="2023-12-13T14:59:38 CST" name="ChromeTest" finished-at="2023-12-13T14:59:52 CST" duration-ms="14236">
      <class name="scrapper.BaseClass">
        <test-method is-config="true" signature="setup(java.lang.String)[pri:0, instance:scrapper.BaseClass@7a8fa663]" started-at="2023-12-13T14:59:38 CST" name="setup" finished-at="2023-12-13T14:59:52 CST" duration-ms="14090" status="PASS">
          <params>
            <param index="0">
              <value>
                <![CDATA[chrome]]>
              </value>
            </param>
          </params>
          <reporter-output>
          </reporter-output>
        </test-method> <!-- setup -->
        <test-method is-config="true" signature="tearDown()[pri:0, instance:scrapper.BaseClass@7a8fa663]" started-at="2023-12-13T14:59:52 CST" name="tearDown" finished-at="2023-12-13T14:59:52 CST" duration-ms="119" status="PASS">
          <reporter-output>
          </reporter-output>
        </test-method> <!-- tearDown -->
      </class> <!-- scrapper.BaseClass -->
    </test> <!-- ChromeTest -->
  </suite> <!-- Suite -->
</testng-results>
